<?xml version="1.0" encoding="UTF-8"?>
<!-- Generated by org.testng.reporters.JUnitXMLReporter -->
<testsuite hostname="W1861746" ignored="2" name="Test1" tests="1" failures="0" timestamp="2023-06-24T15:05:09 IST" time="9.657" errors="0">
  <testcase name="testgoogle" time="2.506" classname="com.vin.listeners.Testclass"/>
  <testcase name="orangehrm" time="0.0" classname="com.vin.listeners.Testclass">
    <ignored/>
  </testcase> <!-- orangehrm -->
  <testcase name="testfacebook" time="0.0" classname="com.vin.listeners.Testclass">
    <ignored/>
  </testcase> <!-- testfacebook -->
</testsuite> <!-- Test1 -->
