<?xml version="1.0" encoding="UTF-8"?>
<!-- Generated by org.testng.reporters.JUnitXMLReporter -->
<testsuite hostname="W1861746" ignored="2" name="Test3" tests="1" failures="1" timestamp="2023-06-24T15:05:44 IST" time="27.748" errors="0">
  <testcase name="orangehrm" time="22.064" classname="com.vin.listeners.Testclass">
    <failure type="java.lang.AssertionError" message="expected [orangehrm] but found [OrangeHRM]">
      <![CDATA[java.lang.AssertionError: expected [orangehrm] but found [OrangeHRM]
at com.vin.listeners.Testclass.orangehrm(Testclass.java:35)
at java.util.ArrayList.forEach(ArrayList.java:1257)
... Removed 33 stack frames]]>
    </failure>
  </testcase> <!-- orangehrm -->
  <testcase name="testgoogle" time="0.0" classname="com.vin.listeners.Testclass">
    <ignored/>
  </testcase> <!-- testgoogle -->
  <testcase name="testfacebook" time="0.0" classname="com.vin.listeners.Testclass">
    <ignored/>
  </testcase> <!-- testfacebook -->
</testsuite> <!-- Test3 -->
