<?xml version="1.0" encoding="UTF-8"?>
<!-- Generated by org.testng.reporters.JUnitXMLReporter -->
<testsuite hostname="W1861746" ignored="0" name="Test4" tests="4" failures="0" timestamp="2023-06-17T17:27:53 IST" time="0.013" errors="0">
  <testcase name="testmethod1" time="0.001" classname="com.vin.parallelexecutions.TestClass4"/>
  <testcase name="testmethod2" time="0.001" classname="com.vin.parallelexecutions.TestClass4"/>
  <testcase name="testmethod3" time="0.001" classname="com.vin.parallelexecutions.TestClass4"/>
  <testcase name="testmethod4" time="0.001" classname="com.vin.parallelexecutions.TestClass4"/>
</testsuite> <!-- Test4 -->
