<?xml version="1.0" encoding="UTF-8"?>
<!-- Generated by org.testng.reporters.JUnitXMLReporter -->
<testsuite hostname="W1861746" ignored="2" name="Test2" tests="1" failures="1" timestamp="2023-06-24T15:05:16 IST" time="6.955" errors="0">
  <testcase name="testfacebook" time="1.457" classname="com.vin.listeners.Testclass">
    <failure type="java.lang.AssertionError" message="expected [Facebook – log in or sign] but found [Facebook – log in or sign up]">
      <![CDATA[java.lang.AssertionError: expected [Facebook – log in or sign] but found [Facebook – log in or sign up]
at com.vin.listeners.Testclass.testfacebook(Testclass.java:25)
at java.util.ArrayList.forEach(ArrayList.java:1257)
... Removed 33 stack frames]]>
    </failure>
  </testcase> <!-- testfacebook -->
  <testcase name="orangehrm" time="0.0" classname="com.vin.listeners.Testclass">
    <ignored/>
  </testcase> <!-- orangehrm -->
  <testcase name="testgoogle" time="0.0" classname="com.vin.listeners.Testclass">
    <ignored/>
  </testcase> <!-- testgoogle -->
</testsuite> <!-- Test2 -->
