<?xml version="1.0" encoding="UTF-8"?>
<!-- Generated by org.testng.reporters.JUnitXMLReporter -->
<testsuite hostname="W1861746" ignored="8" name="Regression Test" tests="3" failures="0" timestamp="2023-06-07T22:25:38 IST" time="0.13" errors="0">
  <testcase name="ploan" time="0.019" classname="test.day2"/>
  <testcase name="mobilesignincarloan" time="0.003" classname="test.day3"/>
  <testcase name="mobileloginhomeloan" time="0.002" classname="test.day4"/>
  <testcase name="secondtest" time="0.0" classname="test.day1">
    <ignored/>
  </testcase> <!-- secondtest -->
  <testcase name="loginapihomeloan" time="0.0" classname="test.day4">
    <ignored/>
  </testcase> <!-- loginapihomeloan -->
  <testcase name="mobilelogincarloan" time="0.0" classname="test.day3">
    <ignored/>
  </testcase> <!-- mobilelogincarloan -->
  <testcase name="apicarloan" time="0.0" classname="test.day3">
    <ignored/>
  </testcase> <!-- apicarloan -->
  <testcase name="mobilesigoutcarloan" time="0.0" classname="test.day3">
    <ignored/>
  </testcase> <!-- mobilesigoutcarloan -->
  <testcase name="Demo" time="0.0" classname="test.day1">
    <ignored/>
  </testcase> <!-- Demo -->
  <testcase name="weblogincarloan" time="0.0" classname="test.day3">
    <ignored/>
  </testcase> <!-- weblogincarloan -->
  <testcase name="webloginhomeloan" time="0.0" classname="test.day4">
    <ignored/>
  </testcase> <!-- webloginhomeloan -->
</testsuite> <!-- Regression Test -->
